<?xml version="1.0" encoding="UTF-8"?>
<testsuite name="com.space.exercises.CreateContent" tests="1" skipped="0" failures="0" errors="0" timestamp="2019-07-30T08:56:15" hostname="xMarcel99" time="0.344">
  <properties/>
  <testcase name="createContent" classname="com.space.exercises.CreateContent" time="0.344"/>
  <system-out><![CDATA[10:56:00.688 [Test worker] DEBUG org.springframework.test.context.junit4.SpringJUnit4ClassRunner - SpringJUnit4ClassRunner constructor called with [class com.space.exercises.CreateContent]
10:56:00.871 [Test worker] DEBUG org.springframework.test.context.BootstrapUtils - Instantiating CacheAwareContextLoaderDelegate from class [org.springframework.test.context.cache.DefaultCacheAwareContextLoaderDelegate]
10:56:00.923 [Test worker] DEBUG org.springframework.test.context.BootstrapUtils - Instantiating BootstrapContext using constructor [public org.springframework.test.context.support.DefaultBootstrapContext(java.lang.Class,org.springframework.test.context.CacheAwareContextLoaderDelegate)]
10:56:00.971 [Test worker] DEBUG org.springframework.test.context.BootstrapUtils - Instantiating TestContextBootstrapper for test class [com.space.exercises.CreateContent] from class [org.springframework.boot.test.context.SpringBootTestContextBootstrapper]
10:56:01.054 [Test worker] INFO org.springframework.boot.test.context.SpringBootTestContextBootstrapper - Neither @ContextConfiguration nor @ContextHierarchy found for test class [com.space.exercises.CreateContent], using SpringBootContextLoader
10:56:01.084 [Test worker] DEBUG org.springframework.test.context.support.AbstractContextLoader - Did not detect default resource location for test class [com.space.exercises.CreateContent]: class path resource [com/space/exercises/CreateContent-context.xml] does not exist
10:56:01.085 [Test worker] DEBUG org.springframework.test.context.support.AbstractContextLoader - Did not detect default resource location for test class [com.space.exercises.CreateContent]: class path resource [com/space/exercises/CreateContentContext.groovy] does not exist
10:56:01.085 [Test worker] INFO org.springframework.test.context.support.AbstractContextLoader - Could not detect default resource locations for test class [com.space.exercises.CreateContent]: no resource found for suffixes {-context.xml, Context.groovy}.
10:56:01.086 [Test worker] INFO org.springframework.test.context.support.AnnotationConfigContextLoaderUtils - Could not detect default configuration classes for test class [com.space.exercises.CreateContent]: CreateContent does not declare any static, non-private, non-final, nested classes annotated with @Configuration.
10:56:01.450 [Test worker] DEBUG org.springframework.test.context.support.ActiveProfilesUtils - Could not find an 'annotation declaring class' for annotation type [org.springframework.test.context.ActiveProfiles] and class [com.space.exercises.CreateContent]
10:56:01.764 [Test worker] DEBUG org.springframework.context.annotation.ClassPathScanningCandidateComponentProvider - Identified candidate component class: file [/home/xmarcel99/Desktop/aaaaaaaaaaaaaaa/space-exercises/build/classes/java/main/com/space/exercises/SpaceApplication.class]
10:56:01.765 [Test worker] INFO org.springframework.boot.test.context.SpringBootTestContextBootstrapper - Found @SpringBootConfiguration com.space.exercises.SpaceApplication for test class com.space.exercises.CreateContent
10:56:02.133 [Test worker] DEBUG org.springframework.boot.test.context.SpringBootTestContextBootstrapper - @TestExecutionListeners is not present for class [com.space.exercises.CreateContent]: using defaults.
10:56:02.134 [Test worker] INFO org.springframework.boot.test.context.SpringBootTestContextBootstrapper - Loaded default TestExecutionListener class names from location [META-INF/spring.factories]: [org.springframework.boot.test.autoconfigure.restdocs.RestDocsTestExecutionListener, org.springframework.boot.test.autoconfigure.web.client.MockRestServiceServerResetTestExecutionListener, org.springframework.boot.test.autoconfigure.web.servlet.MockMvcPrintOnlyOnFailureTestExecutionListener, org.springframework.boot.test.autoconfigure.web.servlet.WebDriverTestExecutionListener, org.springframework.boot.test.mock.mockito.MockitoTestExecutionListener, org.springframework.boot.test.mock.mockito.ResetMocksTestExecutionListener, org.springframework.test.context.web.ServletTestExecutionListener, org.springframework.test.context.support.DirtiesContextBeforeModesTestExecutionListener, org.springframework.test.context.support.DependencyInjectionTestExecutionListener, org.springframework.test.context.support.DirtiesContextTestExecutionListener, org.springframework.test.context.transaction.TransactionalTestExecutionListener, org.springframework.test.context.jdbc.SqlScriptsTestExecutionListener]
10:56:02.248 [Test worker] INFO org.springframework.boot.test.context.SpringBootTestContextBootstrapper - Using TestExecutionListeners: [org.springframework.test.context.web.ServletTestExecutionListener@578c48fb, org.springframework.test.context.support.DirtiesContextBeforeModesTestExecutionListener@8b31f73, org.springframework.boot.test.mock.mockito.MockitoTestExecutionListener@351c58e8, org.springframework.boot.test.autoconfigure.SpringBootDependencyInjectionTestExecutionListener@59558a89, org.springframework.test.context.support.DirtiesContextTestExecutionListener@6cabdac8, org.springframework.test.context.transaction.TransactionalTestExecutionListener@7c7318a9, org.springframework.test.context.jdbc.SqlScriptsTestExecutionListener@2b7fc4d7, org.springframework.boot.test.autoconfigure.restdocs.RestDocsTestExecutionListener@5e8b02f3, org.springframework.boot.test.autoconfigure.web.client.MockRestServiceServerResetTestExecutionListener@6cc4fe70, org.springframework.boot.test.autoconfigure.web.servlet.MockMvcPrintOnlyOnFailureTestExecutionListener@8160511, org.springframework.boot.test.autoconfigure.web.servlet.WebDriverTestExecutionListener@5d9a31b8, org.springframework.boot.test.mock.mockito.ResetMocksTestExecutionListener@5b803c62]
10:56:02.259 [Test worker] DEBUG org.springframework.test.annotation.ProfileValueUtils - Retrieved @ProfileValueSourceConfiguration [null] for test class [com.space.exercises.CreateContent]
10:56:02.261 [Test worker] DEBUG org.springframework.test.annotation.ProfileValueUtils - Retrieved ProfileValueSource type [class org.springframework.test.annotation.SystemProfileValueSource] for class [com.space.exercises.CreateContent]
10:56:02.269 [Test worker] DEBUG org.springframework.test.annotation.ProfileValueUtils - Retrieved @ProfileValueSourceConfiguration [null] for test class [com.space.exercises.CreateContent]
10:56:02.269 [Test worker] DEBUG org.springframework.test.annotation.ProfileValueUtils - Retrieved ProfileValueSource type [class org.springframework.test.annotation.SystemProfileValueSource] for class [com.space.exercises.CreateContent]
10:56:02.270 [Test worker] DEBUG org.springframework.test.annotation.ProfileValueUtils - Retrieved @ProfileValueSourceConfiguration [null] for test class [com.space.exercises.CreateContent]
10:56:02.271 [Test worker] DEBUG org.springframework.test.annotation.ProfileValueUtils - Retrieved ProfileValueSource type [class org.springframework.test.annotation.SystemProfileValueSource] for class [com.space.exercises.CreateContent]
10:56:02.309 [Test worker] DEBUG org.springframework.test.context.support.AbstractDirtiesContextTestExecutionListener - Before test class: context [DefaultTestContext@66c2c35e testClass = CreateContent, testInstance = [null], testMethod = [null], testException = [null], mergedContextConfiguration = [WebMergedContextConfiguration@7e3ded37 testClass = CreateContent, locations = '{}', classes = '{class com.space.exercises.SpaceApplication}', contextInitializerClasses = '[]', activeProfiles = '{}', propertySourceLocations = '{}', propertySourceProperties = '{org.springframework.boot.test.context.SpringBootTestContextBootstrapper=true}', contextCustomizers = set[org.springframework.boot.test.autoconfigure.properties.PropertyMappingContextCustomizer@0, org.springframework.boot.test.autoconfigure.web.servlet.WebDriverContextCustomizerFactory$Customizer@9bd47fc, org.springframework.boot.test.context.filter.ExcludeFilterContextCustomizer@3607338d, org.springframework.boot.test.json.DuplicateJsonObjectContextCustomizerFactory$DuplicateJsonObjectContextCustomizer@183cee02, org.springframework.boot.test.mock.mockito.MockitoContextCustomizer@0, org.springframework.boot.test.web.client.TestRestTemplateContextCustomizer@e3d021a], resourceBasePath = 'src/main/webapp', contextLoader = 'org.springframework.boot.test.context.SpringBootContextLoader', parent = [null]], attributes = map['org.springframework.test.context.web.ServletTestExecutionListener.activateListener' -> true]], class annotated with @DirtiesContext [false] with mode [null].
10:56:02.310 [Test worker] DEBUG org.springframework.test.annotation.ProfileValueUtils - Retrieved @ProfileValueSourceConfiguration [null] for test class [com.space.exercises.CreateContent]
10:56:02.311 [Test worker] DEBUG org.springframework.test.annotation.ProfileValueUtils - Retrieved ProfileValueSource type [class org.springframework.test.annotation.SystemProfileValueSource] for class [com.space.exercises.CreateContent]
10:56:02.443 [Test worker] DEBUG org.springframework.test.context.support.TestPropertySourceUtils - Adding inlined properties to environment: {spring.jmx.enabled=false, org.springframework.boot.test.context.SpringBootTestContextBootstrapper=true, server.port=-1}

  .   ____          _            __ _ _
 /\\ / ___'_ __ _ _(_)_ __  __ _ \ \ \ \
( ( )\___ | '_ | '_| | '_ \/ _` | \ \ \ \
 \\/  ___)| |_)| | | | | || (_| |  ) ) ) )
  '  |____| .__|_| |_|_| |_\__, | / / / /
 =========|_|==============|___/=/_/_/_/
 :: Spring Boot ::        (v2.1.6.RELEASE)

2019-07-30 10:56:04.516  INFO 8186 --- [    Test worker] com.space.exercises.CreateContent        : Starting CreateContent on xMarcel99 with PID 8186 (started by xmarcel99 in /home/xmarcel99/Desktop/aaaaaaaaaaaaaaa/space-exercises)
2019-07-30 10:56:04.521  INFO 8186 --- [    Test worker] com.space.exercises.CreateContent        : No active profile set, falling back to default profiles: default
2019-07-30 10:56:07.535  INFO 8186 --- [    Test worker] .s.d.r.c.RepositoryConfigurationDelegate : Bootstrapping Spring Data repositories in DEFAULT mode.
2019-07-30 10:56:07.720  INFO 8186 --- [    Test worker] .s.d.r.c.RepositoryConfigurationDelegate : Finished Spring Data repository scanning in 151ms. Found 3 repository interfaces.
2019-07-30 10:56:08.295  INFO 8186 --- [    Test worker] trationDelegate$BeanPostProcessorChecker : Bean 'org.springframework.transaction.annotation.ProxyTransactionManagementConfiguration' of type [org.springframework.transaction.annotation.ProxyTransactionManagementConfiguration$$EnhancerBySpringCGLIB$$91bfd4c3] is not eligible for getting processed by all BeanPostProcessors (for example: not eligible for auto-proxying)
2019-07-30 10:56:08.923  INFO 8186 --- [    Test worker] o.hibernate.jpa.internal.util.LogHelper  : HHH000204: Processing PersistenceUnitInfo [
	name: default
	...]
2019-07-30 10:56:09.229  INFO 8186 --- [    Test worker] org.hibernate.Version                    : HHH000412: Hibernate Core {5.3.10.Final}
2019-07-30 10:56:09.240  INFO 8186 --- [    Test worker] org.hibernate.cfg.Environment            : HHH000206: hibernate.properties not found
2019-07-30 10:56:09.992  INFO 8186 --- [    Test worker] o.hibernate.annotations.common.Version   : HCANN000001: Hibernate Commons Annotations {5.0.4.Final}
2019-07-30 10:56:10.267  INFO 8186 --- [    Test worker] com.zaxxer.hikari.HikariDataSource       : HikariPool-1 - Starting...
2019-07-30 10:56:11.059  INFO 8186 --- [    Test worker] com.zaxxer.hikari.HikariDataSource       : HikariPool-1 - Start completed.
2019-07-30 10:56:11.118  INFO 8186 --- [    Test worker] org.hibernate.dialect.Dialect            : HHH000400: Using dialect: org.hibernate.dialect.MySQL5Dialect
2019-07-30 10:56:13.557  INFO 8186 --- [    Test worker] o.h.h.i.QueryTranslatorFactoryInitiator  : HHH000397: Using ASTQueryTranslatorFactory
2019-07-30 10:56:13.716  INFO 8186 --- [    Test worker] j.LocalContainerEntityManagerFactoryBean : Initialized JPA EntityManagerFactory for persistence unit 'default'
2019-07-30 10:56:15.028  INFO 8186 --- [    Test worker] o.s.s.concurrent.ThreadPoolTaskExecutor  : Initializing ExecutorService 'applicationTaskExecutor'
2019-07-30 10:56:15.104  WARN 8186 --- [    Test worker] aWebConfiguration$JpaWebMvcConfiguration : spring.jpa.open-in-view is enabled by default. Therefore, database queries may be performed during view rendering. Explicitly configure spring.jpa.open-in-view to disable this warning
2019-07-30 10:56:15.757  INFO 8186 --- [    Test worker] com.space.exercises.CreateContent        : Started CreateContent in 13.22 seconds (JVM running for 19.297)
]]></system-out>
  <system-err><![CDATA[]]></system-err>
</testsuite>
